\BOOKMARK [0][-]{dummy.1}{\376\377\000A\000c\000k\000n\000o\000w\000l\000e\000d\000g\000e\000m\000e\000n\000t\000s}{}% 1
\BOOKMARK [0][-]{dummy.2}{\376\377\000C\000o\000n\000t\000e\000n\000t\000s}{}% 2
\BOOKMARK [0][-]{dummy.4}{\376\377\000L\000i\000s\000t\000\040\000o\000f\000\040\000F\000i\000g\000u\000r\000e\000s}{}% 3
\BOOKMARK [0][-]{dummy.6}{\376\377\000L\000i\000s\000t\000\040\000o\000f\000\040\000T\000a\000b\000l\000e\000s}{}% 4
\BOOKMARK [0][-]{chapter.8}{\376\377\0001\000\040\000E\000g\000o\000c\000e\000n\000t\000r\000i\000c\000\040\000V\000i\000s\000i\000o\000n\000\040\000a\000n\000d\000\040\000W\000e\000a\000r\000a\000b\000l\000e\000\040\000d\000e\000v\000i\000c\000e\000s\000:\000\040\000a\000n\000\040\000o\000v\000e\000r\000v\000i\000e\000w}{}% 5
\BOOKMARK [1][-]{section.9}{\376\377\0001\000.\0001\000\040\000I\000n\000t\000r\000o\000d\000u\000c\000t\000i\000o\000n}{chapter.8}% 6
\BOOKMARK [1][-]{section.10}{\376\377\0001\000.\0002\000\040\000O\000n\000\040\000t\000h\000e\000\040\000p\000o\000s\000i\000t\000i\000o\000n\000i\000n\000g\000\040\000o\000f\000\040\000t\000h\000e\000\040\000c\000a\000m\000e\000r\000a}{chapter.8}% 7
\BOOKMARK [1][-]{section.19}{\376\377\0001\000.\0003\000\040\000W\000e\000a\000r\000a\000b\000l\000e\000\040\000d\000e\000v\000i\000c\000e\000s}{chapter.8}% 8
\BOOKMARK [2][-]{subsection.20}{\376\377\0001\000.\0003\000.\0001\000\040\000G\000o\000-\000P\000r\000o}{section.19}% 9
\BOOKMARK [2][-]{subsection.21}{\376\377\0001\000.\0003\000.\0002\000\040\000T\000o\000b\000i\000i\000\040\000E\000y\000e\000-\000T\000r\000a\000c\000k\000i\000n\000g\000\040\000G\000l\000a\000s\000s\000e\000s}{section.19}% 10
\BOOKMARK [2][-]{subsection.22}{\376\377\0001\000.\0003\000.\0003\000\040\000S\000M\000I\000\040\000E\000y\000e\000-\000T\000r\000a\000c\000k\000i\000n\000g\000\040\000G\000l\000a\000s\000s\000e\000s}{section.19}% 11
\BOOKMARK [2][-]{subsection.23}{\376\377\0001\000.\0003\000.\0004\000\040\000P\000i\000v\000o\000t\000h\000e\000a\000d\000\040\000G\000l\000a\000s\000s\000e\000s}{section.19}% 12
\BOOKMARK [2][-]{subsection.24}{\376\377\0001\000.\0003\000.\0005\000\040\000G\000o\000o\000g\000l\000e\000\040\000G\000l\000a\000s\000s}{section.19}% 13
\BOOKMARK [2][-]{subsection.25}{\376\377\0001\000.\0003\000.\0006\000\040\000P\000a\000n\000a\000s\000o\000n\000i\000c\000\040\000H\000X\000-\000A\0001\0000}{section.19}% 14
\BOOKMARK [2][-]{subsection.27}{\376\377\0001\000.\0003\000.\0007\000\040\000G\000e\000n\000i\000u\000s\000\040\000W\000i\000d\000e\000C\000a\000m\000\040\000F\0001\0000\0000}{section.19}% 15
\BOOKMARK [1][-]{section.32}{\376\377\0001\000.\0004\000\040\000P\000r\000e\000v\000i\000o\000u\000s\000\040\000w\000o\000r\000k\000\040\000i\000n\000\040\000E\000g\000o\000c\000e\000n\000t\000r\000i\000c\000\040\000V\000i\000s\000i\000o\000n}{chapter.8}% 16
\BOOKMARK [1][-]{section.33}{\376\377\0001\000.\0005\000\040\000A\000b\000o\000u\000t\000\040\000t\000h\000i\000s\000\040\000t\000h\000e\000s\000i\000s\000:\000\040\000g\000e\000s\000t\000u\000r\000e\000s}{chapter.8}% 17
\BOOKMARK [1][-]{section.37}{\376\377\0001\000.\0006\000\040\000I\000n\000\040\000C\000l\000o\000s\000i\000n\000g}{chapter.8}% 18
\BOOKMARK [0][-]{chapter.38}{\376\377\0002\000\040\000C\000o\000m\000p\000u\000t\000e\000r\000\040\000V\000i\000s\000i\000o\000n\000\040\000a\000n\000d\000\040\000M\000a\000c\000h\000i\000n\000e\000\040\000L\000e\000a\000r\000n\000i\000n\000g\000\040\000t\000e\000c\000h\000n\000i\000q\000u\000e\000s\000\040\000u\000s\000e\000d\000\040\000i\000n\000\040\000t\000h\000i\000s\000\040\000t\000h\000e\000s\000i\000s}{}% 19
\BOOKMARK [1][-]{section.39}{\376\377\0002\000.\0001\000\040\000C\000o\000l\000o\000r\000\040\000s\000p\000a\000c\000e\000s}{chapter.38}% 20
\BOOKMARK [1][-]{section.40}{\376\377\0002\000.\0002\000\040\000D\000e\000s\000c\000r\000i\000p\000t\000o\000r\000s}{chapter.38}% 21
\BOOKMARK [2][-]{subsection.41}{\376\377\0002\000.\0002\000.\0001\000\040\000H\000i\000s\000t\000o\000g\000r\000a\000m\000s\000\040\000o\000f\000\040\000O\000r\000i\000e\000n\000t\000e\000d\000\040\000G\000r\000a\000d\000i\000e\000n\000t}{section.40}% 22
\BOOKMARK [2][-]{subsection.42}{\376\377\0002\000.\0002\000.\0002\000\040\000H\000i\000s\000t\000o\000g\000r\000a\000m\000s\000\040\000o\000f\000\040\000O\000p\000t\000i\000c\000a\000l\000\040\000F\000l\000o\000w}{section.40}% 23
\BOOKMARK [2][-]{subsection.43}{\376\377\0002\000.\0002\000.\0003\000\040\000M\000B\000H}{section.40}% 24
\BOOKMARK [1][-]{section.44}{\376\377\0002\000.\0003\000\040\000C\000l\000a\000s\000s\000i\000f\000i\000e\000r\000s}{chapter.38}% 25
\BOOKMARK [2][-]{subsection.45}{\376\377\0002\000.\0003\000.\0001\000\040\000S\000u\000p\000p\000o\000r\000t\000\040\000V\000e\000c\000t\000o\000r\000\040\000M\000a\000c\000h\000i\000n\000e\000s}{section.44}% 26
\BOOKMARK [3][-]{subsubsection.46}{\376\377\0002\000.\0003\000.\0001\000.\0001\000\040\000T\000h\000e\000\040\000s\000e\000p\000a\000r\000a\000b\000l\000e\000\040\000c\000a\000s\000e}{subsection.45}% 27
\BOOKMARK [2][-]{subsection.53}{\376\377\0002\000.\0003\000.\0002\000\040\000N\000o\000n\000-\000s\000e\000p\000a\000r\000a\000b\000l\000e\000\040\000c\000a\000s\000e}{section.44}% 28
\BOOKMARK [2][-]{subsection.57}{\376\377\0002\000.\0003\000.\0003\000\040\000S\000t\000r\000u\000c\000t\000u\000r\000e\000d\000\040\000L\000e\000a\000r\000n\000i\000n\000g\000\040\000a\000n\000d\000\040\000S\000t\000r\000u\000c\000t\000u\000r\000e\000d\000\040\000S\000V\000M}{section.44}% 29
\BOOKMARK [2][-]{subsection.60}{\376\377\0002\000.\0003\000.\0004\000\040\000L\000o\000s\000s\000\040\000F\000u\000n\000c\000t\000i\000o\000n\000s}{section.44}% 30
\BOOKMARK [2][-]{subsection.63}{\376\377\0002\000.\0003\000.\0005\000\040\000S\000t\000r\000u\000c\000t\000u\000r\000e\000d\000\040\000S\000V\000M}{section.44}% 31
\BOOKMARK [0][-]{chapter.65}{\376\377\0003\000\040\000H\000a\000n\000d\000\040\000s\000e\000g\000m\000e\000n\000t\000a\000t\000i\000o\000n\000\040\000i\000n\000\040\000e\000g\000o\000-\000c\000e\000n\000t\000r\000i\000c\000\040\000v\000i\000d\000e\000o\000s}{}% 32
\BOOKMARK [1][-]{section.66}{\376\377\0003\000.\0001\000\040\000L\000i\000t\000e\000r\000a\000t\000u\000r\000e\000\040\000o\000v\000e\000r\000v\000i\000e\000w}{chapter.65}% 33
\BOOKMARK [1][-]{section.67}{\376\377\0003\000.\0002\000\040\000P\000r\000o\000p\000o\000s\000e\000d\000\040\000a\000p\000p\000r\000o\000a\000c\000h}{chapter.65}% 34
\BOOKMARK [2][-]{subsubsection.68}{\376\377\0003\000.\0002\000.\0000\000.\0001\000\040\000I\000l\000l\000u\000m\000i\000n\000a\000t\000i\000o\000n\000\040\000i\000n\000v\000a\000r\000i\000a\000n\000c\000e}{section.67}% 35
\BOOKMARK [3][-]{subsubsection.70}{\376\377\0003\000.\0002\000.\0000\000.\0002\000\040\000T\000e\000m\000p\000o\000r\000a\000l\000\040\000s\000m\000o\000o\000t\000h\000i\000n\000g}{subsubsection.68}% 36
\BOOKMARK [3][-]{subsubsection.73}{\376\377\0003\000.\0002\000.\0000\000.\0003\000\040\000S\000p\000a\000t\000i\000a\000l\000\040\000c\000o\000n\000s\000i\000s\000t\000e\000n\000c\000y}{subsubsection.68}% 37
\BOOKMARK [1][-]{section.81}{\376\377\0003\000.\0003\000\040\000E\000x\000p\000e\000r\000i\000m\000e\000n\000t\000a\000l\000\040\000r\000e\000s\000u\000l\000t\000s}{chapter.65}% 38
\BOOKMARK [2][-]{subsection.83}{\376\377\0003\000.\0003\000.\0001\000\040\000F\000e\000a\000t\000u\000r\000e\000s\000\040\000p\000e\000r\000f\000o\000r\000m\000a\000n\000c\000e}{section.81}% 39
\BOOKMARK [2][-]{subsection.85}{\376\377\0003\000.\0003\000.\0002\000\040\000T\000e\000m\000p\000o\000r\000a\000l\000\040\000S\000m\000o\000o\000t\000h\000i\000n\000g\000\040\000a\000n\000d\000\040\000S\000p\000a\000t\000i\000a\000l\000\040\000C\000o\000n\000s\000i\000s\000t\000e\000n\000c\000y}{section.81}% 40
\BOOKMARK [2][-]{subsection.87}{\376\377\0003\000.\0003\000.\0003\000\040\000C\000o\000m\000p\000a\000r\000i\000s\000o\000n\000\040\000t\000o\000\040\000r\000e\000l\000a\000t\000e\000d\000\040\000m\000e\000t\000h\000o\000d\000s}{section.81}% 41
\BOOKMARK [0][-]{chapter.88}{\376\377\0004\000\040\000G\000e\000s\000t\000u\000r\000e\000\040\000r\000e\000c\000o\000g\000n\000i\000t\000i\000o\000n\000\040\000i\000n\000\040\000t\000h\000e\000\040\000c\000u\000l\000t\000u\000r\000a\000l\000\040\000h\000e\000r\000i\000t\000a\000g\000e\000\040\000s\000c\000e\000n\000a\000r\000i\000o}{}% 42
\BOOKMARK [1][-]{section.89}{\376\377\0004\000.\0001\000\040\000M\000o\000t\000i\000v\000a\000t\000i\000o\000n}{chapter.88}% 43
\BOOKMARK [1][-]{section.90}{\376\377\0004\000.\0002\000\040\000P\000r\000o\000p\000o\000s\000e\000d\000\040\000M\000e\000t\000h\000o\000d}{chapter.88}% 44
\BOOKMARK [2][-]{subsection.96}{\376\377\0004\000.\0002\000.\0001\000\040\000C\000a\000m\000e\000r\000a\000\040\000m\000o\000t\000i\000o\000n\000\040\000r\000e\000m\000o\000v\000a\000l}{section.90}% 45
\BOOKMARK [2][-]{subsection.97}{\376\377\0004\000.\0002\000.\0002\000\040\000G\000e\000s\000t\000u\000r\000e\000\040\000D\000e\000s\000c\000r\000i\000p\000t\000i\000o\000n}{section.90}% 46
\BOOKMARK [1][-]{section.99}{\376\377\0004\000.\0003\000\040\000E\000x\000p\000e\000r\000i\000m\000e\000n\000t\000a\000l\000\040\000R\000e\000s\000u\000l\000t\000s}{chapter.88}% 47
\BOOKMARK [0][-]{chapter.111}{\376\377\0005\000\040\000A\000\040\000s\000e\000q\000u\000e\000n\000t\000i\000a\000l\000\040\000i\000m\000p\000l\000e\000m\000e\000n\000t\000a\000t\000i\000o\000n\000\040\000f\000o\000r\000\040\000t\000h\000e\000\040\000O\000d\000r\000o\000i\000d\000-\000X\000U\000\040\000d\000e\000v\000e\000l\000o\000p\000e\000r\000\040\000b\000o\000a\000r\000d}{}% 48
\BOOKMARK [1][-]{subsection.112}{\376\377\0005\000.\0000\000.\0001\000\040\000L\000a\000b\000e\000l\000\040\000S\000e\000q\000u\000e\000n\000c\000e\000\040\000L\000e\000a\000r\000n\000i\000n\000g}{chapter.111}% 49
\BOOKMARK [1][-]{section.120}{\376\377\0005\000.\0001\000\040\000T\000h\000e\000\040\000O\000d\000r\000o\000i\000d\000-\000X\000U\000\040\000b\000o\000a\000r\000d}{chapter.111}% 50
\BOOKMARK [1][-]{section.123}{\376\377\0005\000.\0002\000\040\000I\000m\000p\000l\000e\000m\000e\000n\000t\000a\000t\000i\000o\000n}{chapter.111}% 51
\BOOKMARK [2][-]{subsection.129}{\376\377\0005\000.\0002\000.\0001\000\040\000O\000p\000e\000n\000M\000P\000\040\000a\000n\000d\000\040\000N\000e\000o\000n\000\040\000I\000n\000t\000r\000i\000s\000i\000c\000s}{section.123}% 52
\BOOKMARK [2][-]{subsection.156}{\376\377\0005\000.\0002\000.\0002\000\040\000F\000u\000r\000t\000h\000e\000r\000\040\000o\000p\000t\000i\000m\000i\000z\000a\000t\000i\000o\000n\000s}{section.123}% 53
\BOOKMARK [1][-]{section.159}{\376\377\0005\000.\0003\000\040\000S\000o\000m\000e\000\040\000a\000p\000p\000l\000i\000c\000a\000t\000i\000o\000n\000s}{chapter.111}% 54
\BOOKMARK [2][-]{subsection.160}{\376\377\0005\000.\0003\000.\0001\000\040\000E\000g\000o\000-\000V\000i\000s\000i\000o\000n\000\040\000J\000a\000c\000k\000e\000t}{section.159}% 55
\BOOKMARK [2][-]{subsection.161}{\376\377\0005\000.\0003\000.\0002\000\040\000.\000.\000.}{section.159}% 56
\BOOKMARK [0][-]{chapter.162}{\376\377\0006\000\040\000C\000o\000n\000c\000l\000u\000s\000i\000o\000n}{}% 57
\BOOKMARK [0][-]{appendix.163}{\376\377\000A\000\040\000P\000u\000b\000l\000i\000c\000a\000t\000i\000o\000n\000s}{}% 58
\BOOKMARK [0][-]{dummy.168}{\376\377\000B\000i\000b\000l\000i\000o\000g\000r\000a\000p\000h\000y}{}% 59
